e:\.school\gdparcm\gdparcm_macuha\parcm_project\parcm_project\x64\debug\vc143.pdb
e:\.school\gdparcm\gdparcm_macuha\parcm_project\parcm_project\x64\debug\vc143.idb
e:\.school\gdparcm\gdparcm_macuha\parcm_project\parcm_project\x64\debug\texturedisplay.obj
e:\.school\gdparcm\gdparcm_macuha\parcm_project\parcm_project\x64\debug\stringutils.obj
e:\.school\gdparcm\gdparcm_macuha\parcm_project\parcm_project\x64\debug\streamassetloader.obj
e:\.school\gdparcm\gdparcm_macuha\parcm_project\parcm_project\x64\debug\rtimage.obj
e:\.school\gdparcm\gdparcm_macuha\parcm_project\parcm_project\x64\debug\mathutils.obj
e:\.school\gdparcm\gdparcm_macuha\parcm_project\parcm_project\x64\debug\main.obj
e:\.school\gdparcm\gdparcm_macuha\parcm_project\parcm_project\x64\debug\ietthread.obj
e:\.school\gdparcm\gdparcm_macuha\parcm_project\parcm_project\x64\debug\gameobjectmanager.obj
e:\.school\gdparcm\gdparcm_macuha\parcm_project\parcm_project\x64\debug\fpscounter.obj
e:\.school\gdparcm\gdparcm_macuha\parcm_project\parcm_project\x64\debug\agameobject.obj
e:\.school\gdparcm\gdparcm_macuha\parcm_project\parcm_project\x64\debug\texturemanager.obj
e:\.school\gdparcm\gdparcm_macuha\parcm_project\parcm_project\x64\debug\iconobject.obj
e:\.school\gdparcm\gdparcm_macuha\parcm_project\parcm_project\x64\debug\bgobject.obj
e:\.school\gdparcm\gdparcm_macuha\parcm_project\parcm_project\x64\debug\baserunner.obj
e:\.school\gdparcm\gdparcm_macuha\parcm_project\x64\debug\parcm_project.exe
e:\.school\gdparcm\gdparcm_macuha\parcm_project\parcm_project\x64\debug\parcm_project.ilk
e:\.school\gdparcm\gdparcm_macuha\parcm_project\x64\debug\parcm_project.pdb
e:\.school\gdparcm\gdparcm_macuha\parcm_project\parcm_project\x64\debug\parcm_project.tlog\cl.command.1.tlog
e:\.school\gdparcm\gdparcm_macuha\parcm_project\parcm_project\x64\debug\parcm_project.tlog\cl.items.tlog
e:\.school\gdparcm\gdparcm_macuha\parcm_project\parcm_project\x64\debug\parcm_project.tlog\cl.read.1.tlog
e:\.school\gdparcm\gdparcm_macuha\parcm_project\parcm_project\x64\debug\parcm_project.tlog\cl.write.1.tlog
e:\.school\gdparcm\gdparcm_macuha\parcm_project\parcm_project\x64\debug\parcm_project.tlog\link.command.1.tlog
e:\.school\gdparcm\gdparcm_macuha\parcm_project\parcm_project\x64\debug\parcm_project.tlog\link.read.1.tlog
e:\.school\gdparcm\gdparcm_macuha\parcm_project\parcm_project\x64\debug\parcm_project.tlog\link.write.1.tlog
